# JRE version: Java(TM) SE Runtime Environment (8.0_05-b13) (build 1.8.0_05-b13)
# Java VM: Java HotSpot(TM) 64-Bit Server VM (25.5-b02 mixed mode windows-amd64 compressed oops)
Heap:
 PSYoungGen      total 2560K, used 1124K [0x000000076b100000, 0x000000076b400000, 0x00000007c0000000)
  eden space 2048K, 30% used [0x000000076b100000,0x000000076b19d150,0x000000076b300000)
  from space 512K, 96% used [0x000000076b380000,0x000000076b3fc010,0x000000076b400000)
  to   space 512K, 0% used [0x000000076b300000,0x000000076b300000,0x000000076b380000)
 ParOldGen       total 459264K, used 655K [0x00000006c1200000, 0x00000006dd280000, 0x000000076b100000)
  object space 459264K, 0% used [0x00000006c1200000,0x00000006c12a3d08,0x00000006dd280000)
 Metaspace       used 4933K, capacity 5394K, committed 5504K, reserved 1056768K
  class space    used 551K, capacity 605K, committed 640K, reserved 1048576K
GC Heap History (8 events):
Event: 0.061 GC heap before
{Heap before GC invocations=1 (full 0):
 PSYoungGen      total 1024K, used 512K [0x000000076b100000, 0x000000076b280000, 0x00000007c0000000)
  eden space 512K, 100% used [0x000000076b100000,0x000000076b180000,0x000000076b180000)
  from space 512K, 0% used [0x000000076b200000,0x000000076b200000,0x000000076b280000)
  to   space 512K, 0% used [0x000000076b180000,0x000000076b180000,0x000000076b200000)
 ParOldGen       total 459264K, used 0K [0x00000006c1200000, 0x00000006dd280000, 0x000000076b100000)
  object space 459264K, 0% used [0x00000006c1200000,0x00000006c1200000,0x00000006dd280000)
 Metaspace       used 2507K, capacity 4480K, committed 4480K, reserved 1056768K
  class space    used 273K, capacity 384K, committed 384K, reserved 1048576K
Event: 0.062 GC heap after
Heap after GC invocations=1 (full 0):
 PSYoungGen      total 1024K, used 512K [0x000000076b100000, 0x000000076b300000, 0x00000007c0000000)
  eden space 512K, 0% used [0x000000076b100000,0x000000076b100000,0x000000076b180000)
  from space 512K, 100% used [0x000000076b180000,0x000000076b200000,0x000000076b200000)
  to   space 512K, 0% used [0x000000076b280000,0x000000076b280000,0x000000076b300000)
 ParOldGen       total 459264K, used 24K [0x00000006c1200000, 0x00000006dd280000, 0x000000076b100000)
  object space 459264K, 0% used [0x00000006c1200000,0x00000006c1206000,0x00000006dd280000)
 Metaspace       used 2507K, capacity 4480K, committed 4480K, reserved 1056768K
  class space    used 273K, capacity 384K, committed 384K, reserved 1048576K
}
Event: 0.082 GC heap before
{Heap before GC invocations=2 (full 0):
 PSYoungGen      total 1024K, used 1024K [0x000000076b100000, 0x000000076b300000, 0x00000007c0000000)
  eden space 512K, 100% used [0x000000076b100000,0x000000076b180000,0x000000076b180000)
  from space 512K, 100% used [0x000000076b180000,0x000000076b200000,0x000000076b200000)
  to   space 512K, 0% used [0x000000076b280000,0x000000076b280000,0x000000076b300000)
 ParOldGen       total 459264K, used 24K [0x00000006c1200000, 0x00000006dd280000, 0x000000076b100000)
  object space 459264K, 0% used [0x00000006c1200000,0x00000006c1206000,0x00000006dd280000)
 Metaspace       used 2891K, capacity 4652K, committed 4864K, reserved 1056768K
  class space    used 318K, capacity 424K, committed 512K, reserved 1048576K
Event: 0.082 GC heap after
Heap after GC invocations=2 (full 0):
 PSYoungGen      total 1536K, used 512K [0x000000076b100000, 0x000000076b300000, 0x00000007c0000000)
  eden space 1024K, 0% used [0x000000076b100000,0x000000076b100000,0x000000076b200000)
  from space 512K, 100% used [0x000000076b280000,0x000000076b300000,0x000000076b300000)
  to   space 512K, 0% used [0x000000076b200000,0x000000076b200000,0x000000076b280000)
 ParOldGen       total 459264K, used 112K [0x00000006c1200000, 0x00000006dd280000, 0x000000076b100000)
  object space 459264K, 0% used [0x00000006c1200000,0x00000006c121c000,0x00000006dd280000)
 Metaspace       used 2891K, capacity 4652K, committed 4864K, reserved 1056768K
  class space    used 318K, capacity 424K, committed 512K, reserved 1048576K
}
Event: 0.123 GC heap before
{Heap before GC invocations=3 (full 0):
 PSYoungGen      total 1536K, used 1536K [0x000000076b100000, 0x000000076b300000, 0x00000007c0000000)
  eden space 1024K, 100% used [0x000000076b100000,0x000000076b200000,0x000000076b200000)
  from space 512K, 100% used [0x000000076b280000,0x000000076b300000,0x000000076b300000)
  to   space 512K, 0% used [0x000000076b200000,0x000000076b200000,0x000000076b280000)
 ParOldGen       total 459264K, used 112K [0x00000006c1200000, 0x00000006dd280000, 0x000000076b100000)
  object space 459264K, 0% used [0x00000006c1200000,0x00000006c121c000,0x00000006dd280000)
 Metaspace       used 3803K, capacity 4816K, committed 5120K, reserved 1056768K
  class space    used 423K, capacity 442K, committed 512K, reserved 1048576K
Event: 0.125 GC heap after
Heap after GC invocations=3 (full 0):
 PSYoungGen      total 1536K, used 512K [0x000000076b100000, 0x000000076b400000, 0x00000007c0000000)
  eden space 1024K, 0% used [0x000000076b100000,0x000000076b100000,0x000000076b200000)
  from space 512K, 100% used [0x000000076b200000,0x000000076b280000,0x000000076b280000)
  to   space 512K, 0% used [0x000000076b380000,0x000000076b380000,0x000000076b400000)
 ParOldGen       total 459264K, used 388K [0x00000006c1200000, 0x00000006dd280000, 0x000000076b100000)
  object space 459264K, 0% used [0x00000006c1200000,0x00000006c1261390,0x00000006dd280000)
 Metaspace       used 3803K, capacity 4816K, committed 5120K, reserved 1056768K
  class space    used 423K, capacity 442K, committed 512K, reserved 1048576K
}
Event: 0.180 GC heap before
{Heap before GC invocations=4 (full 0):
 PSYoungGen      total 1536K, used 1536K [0x000000076b100000, 0x000000076b400000, 0x00000007c0000000)
  eden space 1024K, 100% used [0x000000076b100000,0x000000076b200000,0x000000076b200000)
  from space 512K, 100% used [0x000000076b200000,0x000000076b280000,0x000000076b280000)
  to   space 512K, 0% used [0x000000076b380000,0x000000076b380000,0x000000076b400000)
 ParOldGen       total 459264K, used 388K [0x00000006c1200000, 0x00000006dd280000, 0x000000076b100000)
  object space 459264K, 0% used [0x00000006c1200000,0x00000006c1261390,0x00000006dd280000)
 Metaspace       used 4575K, capacity 5102K, committed 5248K, reserved 1056768K
  class space    used 529K, capacity 571K, committed 640K, reserved 1048576K
Event: 0.181 GC heap after
Heap after GC invocations=4 (full 0):
 PSYoungGen      total 2560K, used 496K [0x000000076b100000, 0x000000076b400000, 0x00000007c0000000)
  eden space 2048K, 0% used [0x000000076b100000,0x000000076b100000,0x000000076b300000)
  from space 512K, 96% used [0x000000076b380000,0x000000076b3fc010,0x000000076b400000)
  to   space 512K, 0% used [0x000000076b300000,0x000000076b300000,0x000000076b380000)
 ParOldGen       total 459264K, used 655K [0x00000006c1200000, 0x00000006dd280000, 0x000000076b100000)
  object space 459264K, 0% used [0x00000006c1200000,0x00000006c12a3d08,0x00000006dd280000)
 Metaspace       used 4575K, capacity 5102K, committed 5248K, reserved 1056768K
  class space    used 529K, capacity 571K, committed 640K, reserved 1048576K
}

