# JRE version: Java(TM) SE Runtime Environment (8.0_40-b02) (build 1.8.0_40-ea-b02)
# Java VM: Java HotSpot(TM) 64-Bit Server VM (25.40-b05 mixed mode windows-amd64 compressed oops)
Heap:
 PSYoungGen      total 296960K, used 228808K [0x00000000eb200000, 0x0000000100000000, 0x0000000100000000)
  eden space 253952K, 90% used [0x00000000eb200000,0x00000000f914a320,0x00000000faa00000)
  from space 43008K, 0% used [0x00000000fd600000,0x00000000fd628000,0x0000000100000000)
  to   space 44032K, 0% used [0x00000000faa00000,0x00000000faa00000,0x00000000fd500000)
 ParOldGen       total 307200K, used 111880K [0x00000000c1600000, 0x00000000d4200000, 0x00000000eb200000)
  object space 307200K, 36% used [0x00000000c1600000,0x00000000c83421f0,0x00000000d4200000)
 Metaspace       used 11366K, capacity 11457K, committed 11648K, reserved 1060864K
  class space    used 1042K, capacity 1093K, committed 1152K, reserved 1048576K
GC Heap History (10 events):
Event: 11.050 GC heap before
{Heap before GC invocations=6 (full 0):
 PSYoungGen      total 250368K, used 250365K [0x00000000eb200000, 0x0000000100000000, 0x0000000100000000)
  eden space 231424K, 100% used [0x00000000eb200000,0x00000000f9400000,0x00000000f9400000)
  from space 18944K, 99% used [0x00000000f9400000,0x00000000fa67f5a0,0x00000000fa680000)
  to   space 31232K, 0% used [0x00000000fe180000,0x00000000fe180000,0x0000000100000000)
 ParOldGen       total 307200K, used 69024K [0x00000000c1600000, 0x00000000d4200000, 0x00000000eb200000)
  object space 307200K, 22% used [0x00000000c1600000,0x00000000c5968170,0x00000000d4200000)
 Metaspace       used 11106K, capacity 11233K, committed 11392K, reserved 1058816K
  class space    used 1025K, capacity 1061K, committed 1152K, reserved 1048576K
Event: 11.109 GC heap after
Heap after GC invocations=6 (full 0):
 PSYoungGen      total 295424K, used 31205K [0x00000000eb200000, 0x0000000100000000, 0x0000000100000000)
  eden space 264192K, 0% used [0x00000000eb200000,0x00000000eb200000,0x00000000fb400000)
  from space 31232K, 99% used [0x00000000fe180000,0x00000000ffff9728,0x0000000100000000)
  to   space 38912K, 0% used [0x00000000fb400000,0x00000000fb400000,0x00000000fda00000)
 ParOldGen       total 307200K, used 69848K [0x00000000c1600000, 0x00000000d4200000, 0x00000000eb200000)
  object space 307200K, 22% used [0x00000000c1600000,0x00000000c5a36170,0x00000000d4200000)
 Metaspace       used 11106K, capacity 11233K, committed 11392K, reserved 1058816K
  class space    used 1025K, capacity 1061K, committed 1152K, reserved 1048576K
}
Event: 11.772 GC heap before
{Heap before GC invocations=7 (full 0):
 PSYoungGen      total 295424K, used 295397K [0x00000000eb200000, 0x0000000100000000, 0x0000000100000000)
  eden space 264192K, 100% used [0x00000000eb200000,0x00000000fb400000,0x00000000fb400000)
  from space 31232K, 99% used [0x00000000fe180000,0x00000000ffff9728,0x0000000100000000)
  to   space 38912K, 0% used [0x00000000fb400000,0x00000000fb400000,0x00000000fda00000)
 ParOldGen       total 307200K, used 69848K [0x00000000c1600000, 0x00000000d4200000, 0x00000000eb200000)
  object space 307200K, 22% used [0x00000000c1600000,0x00000000c5a36170,0x00000000d4200000)
 Metaspace       used 11310K, capacity 11457K, committed 11648K, reserved 1060864K
  class space    used 1041K, capacity 1093K, committed 1152K, reserved 1048576K
Event: 11.824 GC heap after
Heap after GC invocations=7 (full 0):
 PSYoungGen      total 287744K, used 23286K [0x00000000eb200000, 0x0000000100000000, 0x0000000100000000)
  eden space 264192K, 0% used [0x00000000eb200000,0x00000000eb200000,0x00000000fb400000)
  from space 23552K, 98% used [0x00000000fb400000,0x00000000fcabdba0,0x00000000fcb00000)
  to   space 39424K, 0% used [0x00000000fd980000,0x00000000fd980000,0x0000000100000000)
 ParOldGen       total 307200K, used 72142K [0x00000000c1600000, 0x00000000d4200000, 0x00000000eb200000)
  object space 307200K, 23% used [0x00000000c1600000,0x00000000c5c73980,0x00000000d4200000)
 Metaspace       used 11310K, capacity 11457K, committed 11648K, reserved 1060864K
  class space    used 1041K, capacity 1093K, committed 1152K, reserved 1048576K
}
Event: 14.484 GC heap before
{Heap before GC invocations=8 (full 0):
 PSYoungGen      total 287744K, used 287478K [0x00000000eb200000, 0x0000000100000000, 0x0000000100000000)
  eden space 264192K, 100% used [0x00000000eb200000,0x00000000fb400000,0x00000000fb400000)
  from space 23552K, 98% used [0x00000000fb400000,0x00000000fcabdba0,0x00000000fcb00000)
  to   space 39424K, 0% used [0x00000000fd980000,0x00000000fd980000,0x0000000100000000)
 ParOldGen       total 307200K, used 72142K [0x00000000c1600000, 0x00000000d4200000, 0x00000000eb200000)
  object space 307200K, 23% used [0x00000000c1600000,0x00000000c5c73980,0x00000000d4200000)
 Metaspace       used 11333K, capacity 11457K, committed 11648K, reserved 1060864K
  class space    used 1042K, capacity 1093K, committed 1152K, reserved 1048576K
Event: 14.538 GC heap after
Heap after GC invocations=8 (full 0):
 PSYoungGen      total 292352K, used 35031K [0x00000000eb200000, 0x0000000100000000, 0x0000000100000000)
  eden space 252928K, 0% used [0x00000000eb200000,0x00000000eb200000,0x00000000fa900000)
  from space 39424K, 88% used [0x00000000fd980000,0x00000000ffbb5de0,0x0000000100000000)
  to   space 44544K, 0% used [0x00000000fa900000,0x00000000fa900000,0x00000000fd480000)
 ParOldGen       total 307200K, used 93318K [0x00000000c1600000, 0x00000000d4200000, 0x00000000eb200000)
  object space 307200K, 30% used [0x00000000c1600000,0x00000000c7121990,0x00000000d4200000)
 Metaspace       used 11333K, capacity 11457K, committed 11648K, reserved 1060864K
  class space    used 1042K, capacity 1093K, committed 1152K, reserved 1048576K
}
Event: 17.123 GC heap before
{Heap before GC invocations=9 (full 0):
 PSYoungGen      total 292352K, used 287345K [0x00000000eb200000, 0x0000000100000000, 0x0000000100000000)
  eden space 252928K, 99% used [0x00000000eb200000,0x00000000fa866640,0x00000000fa900000)
  from space 39424K, 88% used [0x00000000fd980000,0x00000000ffbb5de0,0x0000000100000000)
  to   space 44544K, 0% used [0x00000000fa900000,0x00000000fa900000,0x00000000fd480000)
 ParOldGen       total 307200K, used 93318K [0x00000000c1600000, 0x00000000d4200000, 0x00000000eb200000)
  object space 307200K, 30% used [0x00000000c1600000,0x00000000c7121990,0x00000000d4200000)
 Metaspace       used 11340K, capacity 11457K, committed 11648K, reserved 1060864K
  class space    used 1042K, capacity 1093K, committed 1152K, reserved 1048576K
Event: 17.178 GC heap after
Heap after GC invocations=9 (full 0):
 PSYoungGen      total 297472K, used 22239K [0x00000000eb200000, 0x0000000100000000, 0x0000000100000000)
  eden space 252928K, 0% used [0x00000000eb200000,0x00000000eb200000,0x00000000fa900000)
  from space 44544K, 49% used [0x00000000fa900000,0x00000000fbeb7d40,0x00000000fd480000)
  to   space 43008K, 0% used [0x00000000fd600000,0x00000000fd600000,0x0000000100000000)
 ParOldGen       total 307200K, used 106087K [0x00000000c1600000, 0x00000000d4200000, 0x00000000eb200000)
  object space 307200K, 34% used [0x00000000c1600000,0x00000000c7d99cf8,0x00000000d4200000)
 Metaspace       used 11340K, capacity 11457K, committed 11648K, reserved 1060864K
  class space    used 1042K, capacity 1093K, committed 1152K, reserved 1048576K
}
Event: 20.029 GC heap before
{Heap before GC invocations=10 (full 0):
 PSYoungGen      total 297472K, used 260448K [0x00000000eb200000, 0x0000000100000000, 0x0000000100000000)
  eden space 252928K, 94% used [0x00000000eb200000,0x00000000f9aa0310,0x00000000fa900000)
  from space 44544K, 49% used [0x00000000fa900000,0x00000000fbeb7d40,0x00000000fd480000)
  to   space 43008K, 0% used [0x00000000fd600000,0x00000000fd600000,0x0000000100000000)
 ParOldGen       total 307200K, used 106087K [0x00000000c1600000, 0x00000000d4200000, 0x00000000eb200000)
  object space 307200K, 34% used [0x00000000c1600000,0x00000000c7d99cf8,0x00000000d4200000)
 Metaspace       used 11346K, capacity 11457K, committed 11648K, reserved 1060864K
  class space    used 1042K, capacity 1093K, committed 1152K, reserved 1048576K
Event: 20.042 GC heap after
Heap after GC invocations=10 (full 0):
 PSYoungGen      total 296960K, used 160K [0x00000000eb200000, 0x0000000100000000, 0x0000000100000000)
  eden space 253952K, 0% used [0x00000000eb200000,0x00000000eb200000,0x00000000faa00000)
  from space 43008K, 0% used [0x00000000fd600000,0x00000000fd628000,0x0000000100000000)
  to   space 44032K, 0% used [0x00000000faa00000,0x00000000faa00000,0x00000000fd500000)
 ParOldGen       total 307200K, used 111880K [0x00000000c1600000, 0x00000000d4200000, 0x00000000eb200000)
  object space 307200K, 36% used [0x00000000c1600000,0x00000000c83421f0,0x00000000d4200000)
 Metaspace       used 11346K, capacity 11457K, committed 11648K, reserved 1060864K
  class space    used 1042K, capacity 1093K, committed 1152K, reserved 1048576K
}

