# JRE version: Java(TM) SE Runtime Environment (8.0_05-b13) (build 1.8.0_05-b13)
# Java VM: Java HotSpot(TM) 64-Bit Server VM (25.5-b02 mixed mode windows-amd64 compressed oops)
Heap:
 PSYoungGen      total 36864K, used 29690K [0x000000076b100000, 0x000000076d700000, 0x00000007c0000000)
  eden space 34816K, 80% used [0x000000076b100000,0x000000076cc8a0d8,0x000000076d300000)
  from space 2048K, 72% used [0x000000076d500000,0x000000076d674970,0x000000076d700000)
  to   space 2048K, 0% used [0x000000076d300000,0x000000076d300000,0x000000076d500000)
 ParOldGen       total 260608K, used 15324K [0x00000006c1200000, 0x00000006d1080000, 0x000000076b100000)
  object space 260608K, 5% used [0x00000006c1200000,0x00000006c20f7090,0x00000006d1080000)
 Metaspace       used 11168K, capacity 11306K, committed 11648K, reserved 1060864K
  class space    used 1010K, capacity 1075K, committed 1152K, reserved 1048576K
GC Heap History (10 events):
Event: 1.122 GC heap before
{Heap before GC invocations=10 (full 0):
 PSYoungGen      total 10240K, used 9288K [0x000000076b100000, 0x000000076c200000, 0x00000007c0000000)
  eden space 8192K, 100% used [0x000000076b100000,0x000000076b900000,0x000000076b900000)
  from space 2048K, 53% used [0x000000076b900000,0x000000076ba121b8,0x000000076bb00000)
  to   space 2048K, 0% used [0x000000076c000000,0x000000076c000000,0x000000076c200000)
 ParOldGen       total 260608K, used 12538K [0x00000006c1200000, 0x00000006d1080000, 0x000000076b100000)
  object space 260608K, 4% used [0x00000006c1200000,0x00000006c1e3eb28,0x00000006d1080000)
 Metaspace       used 11088K, capacity 11210K, committed 11392K, reserved 1058816K
  class space    used 1002K, capacity 1043K, committed 1152K, reserved 1048576K
Event: 1.124 GC heap after
Heap after GC invocations=10 (full 0):
 PSYoungGen      total 15360K, used 342K [0x000000076b100000, 0x000000076c200000, 0x00000007c0000000)
  eden space 13312K, 0% used [0x000000076b100000,0x000000076b100000,0x000000076be00000)
  from space 2048K, 16% used [0x000000076c000000,0x000000076c055ba8,0x000000076c200000)
  to   space 2048K, 0% used [0x000000076be00000,0x000000076be00000,0x000000076c000000)
 ParOldGen       total 260608K, used 13370K [0x00000006c1200000, 0x00000006d1080000, 0x000000076b100000)
  object space 260608K, 5% used [0x00000006c1200000,0x00000006c1f0eb78,0x00000006d1080000)
 Metaspace       used 11088K, capacity 11210K, committed 11392K, reserved 1058816K
  class space    used 1002K, capacity 1043K, committed 1152K, reserved 1048576K
}
Event: 1.157 GC heap before
{Heap before GC invocations=11 (full 0):
 PSYoungGen      total 15360K, used 13654K [0x000000076b100000, 0x000000076c200000, 0x00000007c0000000)
  eden space 13312K, 100% used [0x000000076b100000,0x000000076be00000,0x000000076be00000)
  from space 2048K, 16% used [0x000000076c000000,0x000000076c055ba8,0x000000076c200000)
  to   space 2048K, 0% used [0x000000076be00000,0x000000076be00000,0x000000076c000000)
 ParOldGen       total 260608K, used 13370K [0x00000006c1200000, 0x00000006d1080000, 0x000000076b100000)
  object space 260608K, 5% used [0x00000006c1200000,0x00000006c1f0eb78,0x00000006d1080000)
 Metaspace       used 11092K, capacity 11210K, committed 11392K, reserved 1058816K
  class space    used 1003K, capacity 1043K, committed 1152K, reserved 1048576K
Event: 1.158 GC heap after
Heap after GC invocations=11 (full 0):
 PSYoungGen      total 15360K, used 384K [0x000000076b100000, 0x000000076ca00000, 0x00000007c0000000)
  eden space 13312K, 0% used [0x000000076b100000,0x000000076b100000,0x000000076be00000)
  from space 2048K, 18% used [0x000000076be00000,0x000000076be60000,0x000000076c000000)
  to   space 2048K, 0% used [0x000000076c800000,0x000000076c800000,0x000000076ca00000)
 ParOldGen       total 260608K, used 13673K [0x00000006c1200000, 0x00000006d1080000, 0x000000076b100000)
  object space 260608K, 5% used [0x00000006c1200000,0x00000006c1f5a720,0x00000006d1080000)
 Metaspace       used 11092K, capacity 11210K, committed 11392K, reserved 1058816K
  class space    used 1003K, capacity 1043K, committed 1152K, reserved 1048576K
}
Event: 1.177 GC heap before
{Heap before GC invocations=12 (full 0):
 PSYoungGen      total 15360K, used 13696K [0x000000076b100000, 0x000000076ca00000, 0x00000007c0000000)
  eden space 13312K, 100% used [0x000000076b100000,0x000000076be00000,0x000000076be00000)
  from space 2048K, 18% used [0x000000076be00000,0x000000076be60000,0x000000076c000000)
  to   space 2048K, 0% used [0x000000076c800000,0x000000076c800000,0x000000076ca00000)
 ParOldGen       total 260608K, used 13673K [0x00000006c1200000, 0x00000006d1080000, 0x000000076b100000)
  object space 260608K, 5% used [0x00000006c1200000,0x00000006c1f5a720,0x00000006d1080000)
 Metaspace       used 11092K, capacity 11210K, committed 11392K, reserved 1058816K
  class space    used 1003K, capacity 1043K, committed 1152K, reserved 1048576K
Event: 1.179 GC heap after
Heap after GC invocations=12 (full 0):
 PSYoungGen      total 23552K, used 402K [0x000000076b100000, 0x000000076ca00000, 0x00000007c0000000)
  eden space 21504K, 0% used [0x000000076b100000,0x000000076b100000,0x000000076c600000)
  from space 2048K, 19% used [0x000000076c800000,0x000000076c864970,0x000000076ca00000)
  to   space 2048K, 0% used [0x000000076c600000,0x000000076c600000,0x000000076c800000)
 ParOldGen       total 260608K, used 13905K [0x00000006c1200000, 0x00000006d1080000, 0x000000076b100000)
  object space 260608K, 5% used [0x00000006c1200000,0x00000006c1f94720,0x00000006d1080000)
 Metaspace       used 11092K, capacity 11210K, committed 11392K, reserved 1058816K
  class space    used 1003K, capacity 1043K, committed 1152K, reserved 1048576K
}
Event: 1.219 GC heap before
{Heap before GC invocations=13 (full 0):
 PSYoungGen      total 23552K, used 21906K [0x000000076b100000, 0x000000076ca00000, 0x00000007c0000000)
  eden space 21504K, 100% used [0x000000076b100000,0x000000076c600000,0x000000076c600000)
  from space 2048K, 19% used [0x000000076c800000,0x000000076c864970,0x000000076ca00000)
  to   space 2048K, 0% used [0x000000076c600000,0x000000076c600000,0x000000076c800000)
 ParOldGen       total 260608K, used 13905K [0x00000006c1200000, 0x00000006d1080000, 0x000000076b100000)
  object space 260608K, 5% used [0x00000006c1200000,0x00000006c1f94720,0x00000006d1080000)
 Metaspace       used 11117K, capacity 11210K, committed 11392K, reserved 1058816K
  class space    used 1005K, capacity 1043K, committed 1152K, reserved 1048576K
Event: 1.221 GC heap after
Heap after GC invocations=13 (full 0):
 PSYoungGen      total 23552K, used 1316K [0x000000076b100000, 0x000000076d700000, 0x00000007c0000000)
  eden space 21504K, 0% used [0x000000076b100000,0x000000076b100000,0x000000076c600000)
  from space 2048K, 64% used [0x000000076c600000,0x000000076c749278,0x000000076c800000)
  to   space 2048K, 0% used [0x000000076d500000,0x000000076d500000,0x000000076d700000)
 ParOldGen       total 260608K, used 14212K [0x00000006c1200000, 0x00000006d1080000, 0x000000076b100000)
  object space 260608K, 5% used [0x00000006c1200000,0x00000006c1fe1090,0x00000006d1080000)
 Metaspace       used 11117K, capacity 11210K, committed 11392K, reserved 1058816K
  class space    used 1005K, capacity 1043K, committed 1152K, reserved 1048576K
}
Event: 1.242 GC heap before
{Heap before GC invocations=14 (full 0):
 PSYoungGen      total 23552K, used 22820K [0x000000076b100000, 0x000000076d700000, 0x00000007c0000000)
  eden space 21504K, 100% used [0x000000076b100000,0x000000076c600000,0x000000076c600000)
  from space 2048K, 64% used [0x000000076c600000,0x000000076c749278,0x000000076c800000)
  to   space 2048K, 0% used [0x000000076d500000,0x000000076d500000,0x000000076d700000)
 ParOldGen       total 260608K, used 14212K [0x00000006c1200000, 0x00000006d1080000, 0x000000076b100000)
  object space 260608K, 5% used [0x00000006c1200000,0x00000006c1fe1090,0x00000006d1080000)
 Metaspace       used 11117K, capacity 11210K, committed 11392K, reserved 1058816K
  class space    used 1005K, capacity 1043K, committed 1152K, reserved 1048576K
Event: 1.246 GC heap after
Heap after GC invocations=14 (full 0):
 PSYoungGen      total 36864K, used 1490K [0x000000076b100000, 0x000000076d700000, 0x00000007c0000000)
  eden space 34816K, 0% used [0x000000076b100000,0x000000076b100000,0x000000076d300000)
  from space 2048K, 72% used [0x000000076d500000,0x000000076d674970,0x000000076d700000)
  to   space 2048K, 0% used [0x000000076d300000,0x000000076d300000,0x000000076d500000)
 ParOldGen       total 260608K, used 15324K [0x00000006c1200000, 0x00000006d1080000, 0x000000076b100000)
  object space 260608K, 5% used [0x00000006c1200000,0x00000006c20f7090,0x00000006d1080000)
 Metaspace       used 11117K, capacity 11210K, committed 11392K, reserved 1058816K
  class space    used 1005K, capacity 1043K, committed 1152K, reserved 1048576K
}

