# JRE version: Java(TM) SE Runtime Environment (8.0_05-b13) (build 1.8.0_05-b13)
# Java VM: Java HotSpot(TM) 64-Bit Server VM (25.5-b02 mixed mode windows-amd64 compressed oops)
Heap:
 PSYoungGen      total 23552K, used 13495K [0x000000076b100000, 0x000000076ca00000, 0x00000007c0000000)
  eden space 21504K, 56% used [0x000000076b100000,0x000000076bcd9378,0x000000076c600000)
  from space 2048K, 66% used [0x000000076c800000,0x000000076c954970,0x000000076ca00000)
  to   space 2048K, 0% used [0x000000076c600000,0x000000076c600000,0x000000076c800000)
 ParOldGen       total 260608K, used 4279K [0x00000006c1200000, 0x00000006d1080000, 0x000000076b100000)
  object space 260608K, 1% used [0x00000006c1200000,0x00000006c162dfe8,0x00000006d1080000)
 Metaspace       used 10863K, capacity 10954K, committed 11136K, reserved 1058816K
  class space    used 987K, capacity 1043K, committed 1152K, reserved 1048576K
GC Heap History (10 events):
Event: 0.874 GC heap before
{Heap before GC invocations=8 (full 0):
 PSYoungGen      total 5632K, used 5620K [0x000000076b100000, 0x000000076bd00000, 0x00000007c0000000)
  eden space 4096K, 100% used [0x000000076b100000,0x000000076b500000,0x000000076b500000)
  from space 1536K, 99% used [0x000000076b500000,0x000000076b67d3f0,0x000000076b680000)
  to   space 2048K, 0% used [0x000000076bb00000,0x000000076bb00000,0x000000076bd00000)
 ParOldGen       total 260608K, used 1853K [0x00000006c1200000, 0x00000006d1080000, 0x000000076b100000)
  object space 260608K, 0% used [0x00000006c1200000,0x00000006c13cf400,0x00000006d1080000)
 Metaspace       used 10787K, capacity 10954K, committed 11136K, reserved 1058816K
  class space    used 980K, capacity 1043K, committed 1152K, reserved 1048576K
Event: 0.876 GC heap after
Heap after GC invocations=8 (full 0):
 PSYoungGen      total 10240K, used 1120K [0x000000076b100000, 0x000000076bd00000, 0x00000007c0000000)
  eden space 8192K, 0% used [0x000000076b100000,0x000000076b100000,0x000000076b900000)
  from space 2048K, 54% used [0x000000076bb00000,0x000000076bc18020,0x000000076bd00000)
  to   space 2048K, 0% used [0x000000076b900000,0x000000076b900000,0x000000076bb00000)
 ParOldGen       total 260608K, used 2045K [0x00000006c1200000, 0x00000006d1080000, 0x000000076b100000)
  object space 260608K, 0% used [0x00000006c1200000,0x00000006c13ff400,0x00000006d1080000)
 Metaspace       used 10787K, capacity 10954K, committed 11136K, reserved 1058816K
  class space    used 980K, capacity 1043K, committed 1152K, reserved 1048576K
}
Event: 0.911 GC heap before
{Heap before GC invocations=9 (full 0):
 PSYoungGen      total 10240K, used 9312K [0x000000076b100000, 0x000000076bd00000, 0x00000007c0000000)
  eden space 8192K, 100% used [0x000000076b100000,0x000000076b900000,0x000000076b900000)
  from space 2048K, 54% used [0x000000076bb00000,0x000000076bc18020,0x000000076bd00000)
  to   space 2048K, 0% used [0x000000076b900000,0x000000076b900000,0x000000076bb00000)
 ParOldGen       total 260608K, used 2045K [0x00000006c1200000, 0x00000006d1080000, 0x000000076b100000)
  object space 260608K, 0% used [0x00000006c1200000,0x00000006c13ff400,0x00000006d1080000)
 Metaspace       used 10803K, capacity 10954K, committed 11136K, reserved 1058816K
  class space    used 980K, capacity 1043K, committed 1152K, reserved 1048576K
Event: 0.913 GC heap after
Heap after GC invocations=9 (full 0):
 PSYoungGen      total 10240K, used 1056K [0x000000076b100000, 0x000000076c200000, 0x00000007c0000000)
  eden space 8192K, 0% used [0x000000076b100000,0x000000076b100000,0x000000076b900000)
  from space 2048K, 51% used [0x000000076b900000,0x000000076ba08020,0x000000076bb00000)
  to   space 2048K, 0% used [0x000000076c000000,0x000000076c000000,0x000000076c200000)
 ParOldGen       total 260608K, used 2189K [0x00000006c1200000, 0x00000006d1080000, 0x000000076b100000)
  object space 260608K, 0% used [0x00000006c1200000,0x00000006c1423400,0x00000006d1080000)
 Metaspace       used 10803K, capacity 10954K, committed 11136K, reserved 1058816K
  class space    used 980K, capacity 1043K, committed 1152K, reserved 1048576K
}
Event: 0.933 GC heap before
{Heap before GC invocations=10 (full 0):
 PSYoungGen      total 10240K, used 9248K [0x000000076b100000, 0x000000076c200000, 0x00000007c0000000)
  eden space 8192K, 100% used [0x000000076b100000,0x000000076b900000,0x000000076b900000)
  from space 2048K, 51% used [0x000000076b900000,0x000000076ba08020,0x000000076bb00000)
  to   space 2048K, 0% used [0x000000076c000000,0x000000076c000000,0x000000076c200000)
 ParOldGen       total 260608K, used 2189K [0x00000006c1200000, 0x00000006d1080000, 0x000000076b100000)
  object space 260608K, 0% used [0x00000006c1200000,0x00000006c1423400,0x00000006d1080000)
 Metaspace       used 10803K, capacity 10954K, committed 11136K, reserved 1058816K
  class space    used 980K, capacity 1043K, committed 1152K, reserved 1048576K
Event: 0.935 GC heap after
Heap after GC invocations=10 (full 0):
 PSYoungGen      total 15360K, used 342K [0x000000076b100000, 0x000000076c200000, 0x00000007c0000000)
  eden space 13312K, 0% used [0x000000076b100000,0x000000076b100000,0x000000076be00000)
  from space 2048K, 16% used [0x000000076c000000,0x000000076c055ba8,0x000000076c200000)
  to   space 2048K, 0% used [0x000000076be00000,0x000000076be00000,0x000000076c000000)
 ParOldGen       total 260608K, used 3001K [0x00000006c1200000, 0x00000006d1080000, 0x000000076b100000)
  object space 260608K, 1% used [0x00000006c1200000,0x00000006c14ee440,0x00000006d1080000)
 Metaspace       used 10803K, capacity 10954K, committed 11136K, reserved 1058816K
  class space    used 980K, capacity 1043K, committed 1152K, reserved 1048576K
}
Event: 0.971 GC heap before
{Heap before GC invocations=11 (full 0):
 PSYoungGen      total 15360K, used 13654K [0x000000076b100000, 0x000000076c200000, 0x00000007c0000000)
  eden space 13312K, 100% used [0x000000076b100000,0x000000076be00000,0x000000076be00000)
  from space 2048K, 16% used [0x000000076c000000,0x000000076c055ba8,0x000000076c200000)
  to   space 2048K, 0% used [0x000000076be00000,0x000000076be00000,0x000000076c000000)
 ParOldGen       total 260608K, used 3001K [0x00000006c1200000, 0x00000006d1080000, 0x000000076b100000)
  object space 260608K, 1% used [0x00000006c1200000,0x00000006c14ee440,0x00000006d1080000)
 Metaspace       used 10821K, capacity 10954K, committed 11136K, reserved 1058816K
  class space    used 982K, capacity 1043K, committed 1152K, reserved 1048576K
Event: 0.973 GC heap after
Heap after GC invocations=11 (full 0):
 PSYoungGen      total 15360K, used 1220K [0x000000076b100000, 0x000000076ca00000, 0x00000007c0000000)
  eden space 13312K, 0% used [0x000000076b100000,0x000000076b100000,0x000000076be00000)
  from space 2048K, 59% used [0x000000076be00000,0x000000076bf31278,0x000000076c000000)
  to   space 2048K, 0% used [0x000000076c800000,0x000000076c800000,0x000000076ca00000)
 ParOldGen       total 260608K, used 3303K [0x00000006c1200000, 0x00000006d1080000, 0x000000076b100000)
  object space 260608K, 1% used [0x00000006c1200000,0x00000006c1539fe8,0x00000006d1080000)
 Metaspace       used 10821K, capacity 10954K, committed 11136K, reserved 1058816K
  class space    used 982K, capacity 1043K, committed 1152K, reserved 1048576K
}
Event: 0.993 GC heap before
{Heap before GC invocations=12 (full 0):
 PSYoungGen      total 15360K, used 14532K [0x000000076b100000, 0x000000076ca00000, 0x00000007c0000000)
  eden space 13312K, 100% used [0x000000076b100000,0x000000076be00000,0x000000076be00000)
  from space 2048K, 59% used [0x000000076be00000,0x000000076bf31278,0x000000076c000000)
  to   space 2048K, 0% used [0x000000076c800000,0x000000076c800000,0x000000076ca00000)
 ParOldGen       total 260608K, used 3303K [0x00000006c1200000, 0x00000006d1080000, 0x000000076b100000)
  object space 260608K, 1% used [0x00000006c1200000,0x00000006c1539fe8,0x00000006d1080000)
 Metaspace       used 10821K, capacity 10954K, committed 11136K, reserved 1058816K
  class space    used 982K, capacity 1043K, committed 1152K, reserved 1048576K
Event: 0.996 GC heap after
Heap after GC invocations=12 (full 0):
 PSYoungGen      total 23552K, used 1362K [0x000000076b100000, 0x000000076ca00000, 0x00000007c0000000)
  eden space 21504K, 0% used [0x000000076b100000,0x000000076b100000,0x000000076c600000)
  from space 2048K, 66% used [0x000000076c800000,0x000000076c954970,0x000000076ca00000)
  to   space 2048K, 0% used [0x000000076c600000,0x000000076c600000,0x000000076c800000)
 ParOldGen       total 260608K, used 4279K [0x00000006c1200000, 0x00000006d1080000, 0x000000076b100000)
  object space 260608K, 1% used [0x00000006c1200000,0x00000006c162dfe8,0x00000006d1080000)
 Metaspace       used 10821K, capacity 10954K, committed 11136K, reserved 1058816K
  class space    used 982K, capacity 1043K, committed 1152K, reserved 1048576K
}

