# JRE version: Java(TM) SE Runtime Environment (8.0_40-b02) (build 1.8.0_40-ea-b02)
# Java VM: Java HotSpot(TM) 64-Bit Server VM (25.40-b05 mixed mode windows-amd64 compressed oops)
Heap:
 PSYoungGen      total 291328K, used 105549K [0x00000000eb200000, 0x0000000100000000, 0x0000000100000000)
  eden space 244224K, 29% used [0x00000000eb200000,0x00000000ef8e36a8,0x00000000fa080000)
  from space 47104K, 69% used [0x00000000fa080000,0x00000000fc0b0020,0x00000000fce80000)
  to   space 48640K, 0% used [0x00000000fd080000,0x00000000fd080000,0x0000000100000000)
 ParOldGen       total 307200K, used 170840K [0x00000000c1600000, 0x00000000d4200000, 0x00000000eb200000)
  object space 307200K, 55% used [0x00000000c1600000,0x00000000cbcd6160,0x00000000d4200000)
 Metaspace       used 11312K, capacity 11457K, committed 11648K, reserved 1060864K
  class space    used 1040K, capacity 1093K, committed 1152K, reserved 1048576K
GC Heap History (10 events):
Event: 10.273 GC heap before
{Heap before GC invocations=9 (full 0):
 PSYoungGen      total 282112K, used 270926K [0x00000000eb200000, 0x0000000100000000, 0x0000000100000000)
  eden space 245760K, 100% used [0x00000000eb200000,0x00000000fa200000,0x00000000fa200000)
  from space 36352K, 69% used [0x00000000fdc80000,0x00000000ff5139f0,0x0000000100000000)
  to   space 48128K, 0% used [0x00000000fa200000,0x00000000fa200000,0x00000000fd100000)
 ParOldGen       total 307200K, used 84162K [0x00000000c1600000, 0x00000000d4200000, 0x00000000eb200000)
  object space 307200K, 27% used [0x00000000c1600000,0x00000000c6830b38,0x00000000d4200000)
 Metaspace       used 11272K, capacity 11393K, committed 11648K, reserved 1060864K
  class space    used 1040K, capacity 1093K, committed 1152K, reserved 1048576K
Event: 10.302 GC heap after
Heap after GC invocations=9 (full 0):
 PSYoungGen      total 293888K, used 25766K [0x00000000eb200000, 0x0000000100000000, 0x0000000100000000)
  eden space 245760K, 0% used [0x00000000eb200000,0x00000000eb200000,0x00000000fa200000)
  from space 48128K, 53% used [0x00000000fa200000,0x00000000fbb29958,0x00000000fd100000)
  to   space 47616K, 0% used [0x00000000fd180000,0x00000000fd180000,0x0000000100000000)
 ParOldGen       total 307200K, used 95978K [0x00000000c1600000, 0x00000000d4200000, 0x00000000eb200000)
  object space 307200K, 31% used [0x00000000c1600000,0x00000000c73bab38,0x00000000d4200000)
 Metaspace       used 11272K, capacity 11393K, committed 11648K, reserved 1060864K
  class space    used 1040K, capacity 1093K, committed 1152K, reserved 1048576K
}
Event: 13.044 GC heap before
{Heap before GC invocations=10 (full 0):
 PSYoungGen      total 293888K, used 268684K [0x00000000eb200000, 0x0000000100000000, 0x0000000100000000)
  eden space 245760K, 98% used [0x00000000eb200000,0x00000000f9f399e0,0x00000000fa200000)
  from space 48128K, 53% used [0x00000000fa200000,0x00000000fbb29958,0x00000000fd100000)
  to   space 47616K, 0% used [0x00000000fd180000,0x00000000fd180000,0x0000000100000000)
 ParOldGen       total 307200K, used 95978K [0x00000000c1600000, 0x00000000d4200000, 0x00000000eb200000)
  object space 307200K, 31% used [0x00000000c1600000,0x00000000c73bab38,0x00000000d4200000)
 Metaspace       used 11281K, capacity 11393K, committed 11648K, reserved 1060864K
  class space    used 1040K, capacity 1093K, committed 1152K, reserved 1048576K
Event: 13.060 GC heap after
Heap after GC invocations=10 (full 0):
 PSYoungGen      total 290304K, used 32928K [0x00000000eb200000, 0x0000000100000000, 0x0000000100000000)
  eden space 242688K, 0% used [0x00000000eb200000,0x00000000eb200000,0x00000000f9f00000)
  from space 47616K, 69% used [0x00000000fd180000,0x00000000ff1a8020,0x0000000100000000)
  to   space 49664K, 0% used [0x00000000f9f00000,0x00000000f9f00000,0x00000000fcf80000)
 ParOldGen       total 307200K, used 105232K [0x00000000c1600000, 0x00000000d4200000, 0x00000000eb200000)
  object space 307200K, 34% used [0x00000000c1600000,0x00000000c7cc4130,0x00000000d4200000)
 Metaspace       used 11281K, capacity 11393K, committed 11648K, reserved 1060864K
  class space    used 1040K, capacity 1093K, committed 1152K, reserved 1048576K
}
Event: 14.722 GC heap before
{Heap before GC invocations=11 (full 0):
 PSYoungGen      total 290304K, used 275616K [0x00000000eb200000, 0x0000000100000000, 0x0000000100000000)
  eden space 242688K, 100% used [0x00000000eb200000,0x00000000f9f00000,0x00000000f9f00000)
  from space 47616K, 69% used [0x00000000fd180000,0x00000000ff1a8020,0x0000000100000000)
  to   space 49664K, 0% used [0x00000000f9f00000,0x00000000f9f00000,0x00000000fcf80000)
 ParOldGen       total 307200K, used 105232K [0x00000000c1600000, 0x00000000d4200000, 0x00000000eb200000)
  object space 307200K, 34% used [0x00000000c1600000,0x00000000c7cc4130,0x00000000d4200000)
 Metaspace       used 11294K, capacity 11457K, committed 11648K, reserved 1060864K
  class space    used 1040K, capacity 1093K, committed 1152K, reserved 1048576K
Event: 14.724 GC heap after
Heap after GC invocations=11 (full 0):
 PSYoungGen      total 292352K, used 12448K [0x00000000eb200000, 0x00000000fff00000, 0x0000000100000000)
  eden space 242688K, 0% used [0x00000000eb200000,0x00000000eb200000,0x00000000f9f00000)
  from space 49664K, 25% used [0x00000000f9f00000,0x00000000fab28030,0x00000000fcf80000)
  to   space 48128K, 0% used [0x00000000fd000000,0x00000000fd000000,0x00000000fff00000)
 ParOldGen       total 307200K, used 105256K [0x00000000c1600000, 0x00000000d4200000, 0x00000000eb200000)
  object space 307200K, 34% used [0x00000000c1600000,0x00000000c7cca130,0x00000000d4200000)
 Metaspace       used 11294K, capacity 11457K, committed 11648K, reserved 1060864K
  class space    used 1040K, capacity 1093K, committed 1152K, reserved 1048576K
}
Event: 16.134 GC heap before
{Heap before GC invocations=12 (full 0):
 PSYoungGen      total 292352K, used 255136K [0x00000000eb200000, 0x00000000fff00000, 0x0000000100000000)
  eden space 242688K, 100% used [0x00000000eb200000,0x00000000f9f00000,0x00000000f9f00000)
  from space 49664K, 25% used [0x00000000f9f00000,0x00000000fab28030,0x00000000fcf80000)
  to   space 48128K, 0% used [0x00000000fd000000,0x00000000fd000000,0x00000000fff00000)
 ParOldGen       total 307200K, used 105256K [0x00000000c1600000, 0x00000000d4200000, 0x00000000eb200000)
  object space 307200K, 34% used [0x00000000c1600000,0x00000000c7cca130,0x00000000d4200000)
 Metaspace       used 11306K, capacity 11457K, committed 11648K, reserved 1060864K
  class space    used 1040K, capacity 1093K, committed 1152K, reserved 1048576K
Event: 16.155 GC heap after
Heap after GC invocations=12 (full 0):
 PSYoungGen      total 289792K, used 24736K [0x00000000eb200000, 0x00000000ffc80000, 0x0000000100000000)
  eden space 244224K, 0% used [0x00000000eb200000,0x00000000eb200000,0x00000000fa080000)
  from space 45568K, 54% used [0x00000000fd000000,0x00000000fe828010,0x00000000ffc80000)
  to   space 47104K, 0% used [0x00000000fa080000,0x00000000fa080000,0x00000000fce80000)
 ParOldGen       total 307200K, used 154432K [0x00000000c1600000, 0x00000000d4200000, 0x00000000eb200000)
  object space 307200K, 50% used [0x00000000c1600000,0x00000000cacd0150,0x00000000d4200000)
 Metaspace       used 11306K, capacity 11457K, committed 11648K, reserved 1060864K
  class space    used 1040K, capacity 1093K, committed 1152K, reserved 1048576K
}
Event: 26.902 GC heap before
{Heap before GC invocations=13 (full 0):
 PSYoungGen      total 289792K, used 268960K [0x00000000eb200000, 0x00000000ffc80000, 0x0000000100000000)
  eden space 244224K, 100% used [0x00000000eb200000,0x00000000fa080000,0x00000000fa080000)
  from space 45568K, 54% used [0x00000000fd000000,0x00000000fe828010,0x00000000ffc80000)
  to   space 47104K, 0% used [0x00000000fa080000,0x00000000fa080000,0x00000000fce80000)
 ParOldGen       total 307200K, used 154432K [0x00000000c1600000, 0x00000000d4200000, 0x00000000eb200000)
  object space 307200K, 50% used [0x00000000c1600000,0x00000000cacd0150,0x00000000d4200000)
 Metaspace       used 11307K, capacity 11457K, committed 11648K, reserved 1060864K
  class space    used 1040K, capacity 1093K, committed 1152K, reserved 1048576K
Event: 26.911 GC heap after
Heap after GC invocations=13 (full 0):
 PSYoungGen      total 291328K, used 32960K [0x00000000eb200000, 0x0000000100000000, 0x0000000100000000)
  eden space 244224K, 0% used [0x00000000eb200000,0x00000000eb200000,0x00000000fa080000)
  from space 47104K, 69% used [0x00000000fa080000,0x00000000fc0b0020,0x00000000fce80000)
  to   space 48640K, 0% used [0x00000000fd080000,0x00000000fd080000,0x0000000100000000)
 ParOldGen       total 307200K, used 170840K [0x00000000c1600000, 0x00000000d4200000, 0x00000000eb200000)
  object space 307200K, 55% used [0x00000000c1600000,0x00000000cbcd6160,0x00000000d4200000)
 Metaspace       used 11307K, capacity 11457K, committed 11648K, reserved 1060864K
  class space    used 1040K, capacity 1093K, committed 1152K, reserved 1048576K
}

