# JRE version: Java(TM) SE Runtime Environment (8.0_40-b02) (build 1.8.0_40-ea-b02)
# Java VM: Java HotSpot(TM) 64-Bit Server VM (25.40-b05 mixed mode windows-amd64 compressed oops)
Heap:
 PSYoungGen      total 253952K, used 216812K [0x00000000eb200000, 0x0000000100000000, 0x0000000100000000)
  eden space 204288K, 81% used [0x00000000eb200000,0x00000000f5593110,0x00000000f7980000)
  from space 49664K, 99% used [0x00000000f7980000,0x00000000fa9a8030,0x00000000faa00000)
  to   space 74240K, 0% used [0x00000000fb780000,0x00000000fb780000,0x0000000100000000)
 ParOldGen       total 307200K, used 96865K [0x00000000c1600000, 0x00000000d4200000, 0x00000000eb200000)
  object space 307200K, 31% used [0x00000000c1600000,0x00000000c74984f0,0x00000000d4200000)
 Metaspace       used 11310K, capacity 11457K, committed 11648K, reserved 1060864K
  class space    used 1040K, capacity 1093K, committed 1152K, reserved 1048576K
GC Heap History (10 events):
Event: 8.742 GC heap before
{Heap before GC invocations=9 (full 0):
 PSYoungGen      total 273408K, used 270041K [0x00000000eb200000, 0x0000000100000000, 0x0000000100000000)
  eden space 233472K, 98% used [0x00000000eb200000,0x00000000f92be0a8,0x00000000f9600000)
  from space 39936K, 99% used [0x00000000fd900000,0x00000000ffff8388,0x0000000100000000)
  to   space 54272K, 0% used [0x00000000f9600000,0x00000000f9600000,0x00000000fcb00000)
 ParOldGen       total 307200K, used 89648K [0x00000000c1600000, 0x00000000d4200000, 0x00000000eb200000)
  object space 307200K, 29% used [0x00000000c1600000,0x00000000c6d8c068,0x00000000d4200000)
 Metaspace       used 11273K, capacity 11393K, committed 11648K, reserved 1060864K
  class space    used 1040K, capacity 1093K, committed 1152K, reserved 1048576K
Event: 8.761 GC heap after
Heap after GC invocations=9 (full 0):
 PSYoungGen      total 286208K, used 52512K [0x00000000eb200000, 0x0000000100000000, 0x0000000100000000)
  eden space 233472K, 0% used [0x00000000eb200000,0x00000000eb200000,0x00000000f9600000)
  from space 52736K, 99% used [0x00000000f9600000,0x00000000fc948030,0x00000000fc980000)
  to   space 55808K, 0% used [0x00000000fc980000,0x00000000fc980000,0x0000000100000000)
 ParOldGen       total 307200K, used 93552K [0x00000000c1600000, 0x00000000d4200000, 0x00000000eb200000)
  object space 307200K, 30% used [0x00000000c1600000,0x00000000c715c3d0,0x00000000d4200000)
 Metaspace       used 11273K, capacity 11393K, committed 11648K, reserved 1060864K
  class space    used 1040K, capacity 1093K, committed 1152K, reserved 1048576K
}
Event: 10.232 GC heap before
{Heap before GC invocations=10 (full 0):
 PSYoungGen      total 286208K, used 270760K [0x00000000eb200000, 0x0000000100000000, 0x0000000100000000)
  eden space 233472K, 93% used [0x00000000eb200000,0x00000000f8722370,0x00000000f9600000)
  from space 52736K, 99% used [0x00000000f9600000,0x00000000fc948030,0x00000000fc980000)
  to   space 55808K, 0% used [0x00000000fc980000,0x00000000fc980000,0x0000000100000000)
 ParOldGen       total 307200K, used 93552K [0x00000000c1600000, 0x00000000d4200000, 0x00000000eb200000)
  object space 307200K, 30% used [0x00000000c1600000,0x00000000c715c3d0,0x00000000d4200000)
 Metaspace       used 11278K, capacity 11393K, committed 11648K, reserved 1060864K
  class space    used 1040K, capacity 1093K, committed 1152K, reserved 1048576K
Event: 10.249 GC heap after
Heap after GC invocations=10 (full 0):
 PSYoungGen      total 260608K, used 49312K [0x00000000eb200000, 0x0000000100000000, 0x0000000100000000)
  eden space 204800K, 0% used [0x00000000eb200000,0x00000000eb200000,0x00000000f7a00000)
  from space 55808K, 88% used [0x00000000fc980000,0x00000000ff9a8030,0x0000000100000000)
  to   space 68608K, 0% used [0x00000000f7a00000,0x00000000f7a00000,0x00000000fbd00000)
 ParOldGen       total 307200K, used 96801K [0x00000000c1600000, 0x00000000d4200000, 0x00000000eb200000)
  object space 307200K, 31% used [0x00000000c1600000,0x00000000c74884f0,0x00000000d4200000)
 Metaspace       used 11278K, capacity 11393K, committed 11648K, reserved 1060864K
  class space    used 1040K, capacity 1093K, committed 1152K, reserved 1048576K
}
Event: 11.672 GC heap before
{Heap before GC invocations=11 (full 0):
 PSYoungGen      total 260608K, used 241212K [0x00000000eb200000, 0x0000000100000000, 0x0000000100000000)
  eden space 204800K, 93% used [0x00000000eb200000,0x00000000f6d67210,0x00000000f7a00000)
  from space 55808K, 88% used [0x00000000fc980000,0x00000000ff9a8030,0x0000000100000000)
  to   space 68608K, 0% used [0x00000000f7a00000,0x00000000f7a00000,0x00000000fbd00000)
 ParOldGen       total 307200K, used 96801K [0x00000000c1600000, 0x00000000d4200000, 0x00000000eb200000)
  object space 307200K, 31% used [0x00000000c1600000,0x00000000c74884f0,0x00000000d4200000)
 Metaspace       used 11292K, capacity 11457K, committed 11648K, reserved 1060864K
  class space    used 1040K, capacity 1093K, committed 1152K, reserved 1048576K
Event: 11.673 GC heap after
Heap after GC invocations=11 (full 0):
 PSYoungGen      total 205312K, used 160K [0x00000000eb200000, 0x0000000100000000, 0x0000000100000000)
  eden space 204800K, 0% used [0x00000000eb200000,0x00000000eb200000,0x00000000f7a00000)
  from space 512K, 31% used [0x00000000f7a00000,0x00000000f7a28000,0x00000000f7a80000)
  to   space 69120K, 0% used [0x00000000fbc80000,0x00000000fbc80000,0x0000000100000000)
 ParOldGen       total 307200K, used 96825K [0x00000000c1600000, 0x00000000d4200000, 0x00000000eb200000)
  object space 307200K, 31% used [0x00000000c1600000,0x00000000c748e4f0,0x00000000d4200000)
 Metaspace       used 11292K, capacity 11457K, committed 11648K, reserved 1060864K
  class space    used 1040K, capacity 1093K, committed 1152K, reserved 1048576K
}
Event: 12.859 GC heap before
{Heap before GC invocations=12 (full 0):
 PSYoungGen      total 205312K, used 200512K [0x00000000eb200000, 0x0000000100000000, 0x0000000100000000)
  eden space 204800K, 97% used [0x00000000eb200000,0x00000000f75a8048,0x00000000f7a00000)
  from space 512K, 31% used [0x00000000f7a00000,0x00000000f7a28000,0x00000000f7a80000)
  to   space 69120K, 0% used [0x00000000fbc80000,0x00000000fbc80000,0x0000000100000000)
 ParOldGen       total 307200K, used 96825K [0x00000000c1600000, 0x00000000d4200000, 0x00000000eb200000)
  object space 307200K, 31% used [0x00000000c1600000,0x00000000c748e4f0,0x00000000d4200000)
 Metaspace       used 11302K, capacity 11457K, committed 11648K, reserved 1060864K
  class space    used 1040K, capacity 1093K, committed 1152K, reserved 1048576K
Event: 12.860 GC heap after
Heap after GC invocations=12 (full 0):
 PSYoungGen      total 273408K, used 96K [0x00000000eb200000, 0x0000000100000000, 0x0000000100000000)
  eden space 204288K, 0% used [0x00000000eb200000,0x00000000eb200000,0x00000000f7980000)
  from space 69120K, 0% used [0x00000000fbc80000,0x00000000fbc98000,0x0000000100000000)
  to   space 68608K, 0% used [0x00000000f7980000,0x00000000f7980000,0x00000000fbc80000)
 ParOldGen       total 307200K, used 96849K [0x00000000c1600000, 0x00000000d4200000, 0x00000000eb200000)
  object space 307200K, 31% used [0x00000000c1600000,0x00000000c74944f0,0x00000000d4200000)
 Metaspace       used 11302K, capacity 11457K, committed 11648K, reserved 1060864K
  class space    used 1040K, capacity 1093K, committed 1152K, reserved 1048576K
}
Event: 15.924 GC heap before
{Heap before GC invocations=13 (full 0):
 PSYoungGen      total 273408K, used 204384K [0x00000000eb200000, 0x0000000100000000, 0x0000000100000000)
  eden space 204288K, 100% used [0x00000000eb200000,0x00000000f7980000,0x00000000f7980000)
  from space 69120K, 0% used [0x00000000fbc80000,0x00000000fbc98000,0x0000000100000000)
  to   space 68608K, 0% used [0x00000000f7980000,0x00000000f7980000,0x00000000fbc80000)
 ParOldGen       total 307200K, used 96849K [0x00000000c1600000, 0x00000000d4200000, 0x00000000eb200000)
  object space 307200K, 31% used [0x00000000c1600000,0x00000000c74944f0,0x00000000d4200000)
 Metaspace       used 11302K, capacity 11457K, committed 11648K, reserved 1060864K
  class space    used 1040K, capacity 1093K, committed 1152K, reserved 1048576K
Event: 15.941 GC heap after
Heap after GC invocations=13 (full 0):
 PSYoungGen      total 253952K, used 49312K [0x00000000eb200000, 0x0000000100000000, 0x0000000100000000)
  eden space 204288K, 0% used [0x00000000eb200000,0x00000000eb200000,0x00000000f7980000)
  from space 49664K, 99% used [0x00000000f7980000,0x00000000fa9a8030,0x00000000faa00000)
  to   space 74240K, 0% used [0x00000000fb780000,0x00000000fb780000,0x0000000100000000)
 ParOldGen       total 307200K, used 96865K [0x00000000c1600000, 0x00000000d4200000, 0x00000000eb200000)
  object space 307200K, 31% used [0x00000000c1600000,0x00000000c74984f0,0x00000000d4200000)
 Metaspace       used 11302K, capacity 11457K, committed 11648K, reserved 1060864K
  class space    used 1040K, capacity 1093K, committed 1152K, reserved 1048576K
}

