# JRE version: Java(TM) SE Runtime Environment (8.0_40-b02) (build 1.8.0_40-ea-b02)
# Java VM: Java HotSpot(TM) 64-Bit Server VM (25.40-b05 mixed mode windows-amd64 compressed oops)
Heap:
 PSYoungGen      total 223232K, used 65874K [0x00000000eb200000, 0x00000000fab80000, 0x0000000100000000)
  eden space 190976K, 27% used [0x00000000eb200000,0x00000000ee62c940,0x00000000f6c80000)
  from space 32256K, 38% used [0x00000000f6c80000,0x00000000f78a8030,0x00000000f8c00000)
  to   space 31744K, 0% used [0x00000000f8c80000,0x00000000f8c80000,0x00000000fab80000)
 ParOldGen       total 307200K, used 231455K [0x00000000c1600000, 0x00000000d4200000, 0x00000000eb200000)
  object space 307200K, 75% used [0x00000000c1600000,0x00000000cf807c98,0x00000000d4200000)
 Metaspace       used 10932K, capacity 11085K, committed 11392K, reserved 1058816K
  class space    used 998K, capacity 1050K, committed 1152K, reserved 1048576K
GC Heap History (10 events):
Event: 39.936 GC heap before
{Heap before GC invocations=19 (full 0):
 PSYoungGen      total 126976K, used 122016K [0x00000000eb200000, 0x00000000f7f00000, 0x0000000100000000)
  eden space 97280K, 100% used [0x00000000eb200000,0x00000000f1100000,0x00000000f1100000)
  from space 29696K, 83% used [0x00000000f3200000,0x00000000f4a28010,0x00000000f4f00000)
  to   space 33792K, 0% used [0x00000000f1100000,0x00000000f1100000,0x00000000f3200000)
 ParOldGen       total 307200K, used 198615K [0x00000000c1600000, 0x00000000d4200000, 0x00000000eb200000)
  object space 307200K, 64% used [0x00000000c1600000,0x00000000cd7f5c78,0x00000000d4200000)
 Metaspace       used 10906K, capacity 11021K, committed 11136K, reserved 1058816K
  class space    used 996K, capacity 1050K, committed 1152K, reserved 1048576K
Event: 39.939 GC heap after
Heap after GC invocations=19 (full 0):
 PSYoungGen      total 131072K, used 608K [0x00000000eb200000, 0x00000000f7700000, 0x0000000100000000)
  eden space 97280K, 0% used [0x00000000eb200000,0x00000000eb200000,0x00000000f1100000)
  from space 33792K, 1% used [0x00000000f1100000,0x00000000f1198010,0x00000000f3200000)
  to   space 32768K, 0% used [0x00000000f5700000,0x00000000f5700000,0x00000000f7700000)
 ParOldGen       total 307200K, used 198631K [0x00000000c1600000, 0x00000000d4200000, 0x00000000eb200000)
  object space 307200K, 64% used [0x00000000c1600000,0x00000000cd7f9c78,0x00000000d4200000)
 Metaspace       used 10906K, capacity 11021K, committed 11136K, reserved 1058816K
  class space    used 996K, capacity 1050K, committed 1152K, reserved 1048576K
}
Event: 44.431 GC heap before
{Heap before GC invocations=20 (full 0):
 PSYoungGen      total 131072K, used 90736K [0x00000000eb200000, 0x00000000f7700000, 0x0000000100000000)
  eden space 97280K, 92% used [0x00000000eb200000,0x00000000f0a04188,0x00000000f1100000)
  from space 33792K, 1% used [0x00000000f1100000,0x00000000f1198010,0x00000000f3200000)
  to   space 32768K, 0% used [0x00000000f5700000,0x00000000f5700000,0x00000000f7700000)
 ParOldGen       total 307200K, used 198631K [0x00000000c1600000, 0x00000000d4200000, 0x00000000eb200000)
  object space 307200K, 64% used [0x00000000c1600000,0x00000000cd7f9c78,0x00000000d4200000)
 Metaspace       used 10906K, capacity 11021K, committed 11136K, reserved 1058816K
  class space    used 996K, capacity 1050K, committed 1152K, reserved 1048576K
Event: 44.432 GC heap after
Heap after GC invocations=20 (full 0):
 PSYoungGen      total 167936K, used 96K [0x00000000eb200000, 0x00000000f7600000, 0x0000000100000000)
  eden space 136192K, 0% used [0x00000000eb200000,0x00000000eb200000,0x00000000f3700000)
  from space 31744K, 0% used [0x00000000f5700000,0x00000000f5718000,0x00000000f7600000)
  to   space 32256K, 0% used [0x00000000f3700000,0x00000000f3700000,0x00000000f5680000)
 ParOldGen       total 307200K, used 198639K [0x00000000c1600000, 0x00000000d4200000, 0x00000000eb200000)
  object space 307200K, 64% used [0x00000000c1600000,0x00000000cd7fbc78,0x00000000d4200000)
 Metaspace       used 10906K, capacity 11021K, committed 11136K, reserved 1058816K
  class space    used 996K, capacity 1050K, committed 1152K, reserved 1048576K
}
Event: 52.237 GC heap before
{Heap before GC invocations=21 (full 0):
 PSYoungGen      total 167936K, used 125285K [0x00000000eb200000, 0x00000000f7600000, 0x0000000100000000)
  eden space 136192K, 91% used [0x00000000eb200000,0x00000000f2c41528,0x00000000f3700000)
  from space 31744K, 0% used [0x00000000f5700000,0x00000000f5718000,0x00000000f7600000)
  to   space 32256K, 0% used [0x00000000f3700000,0x00000000f3700000,0x00000000f5680000)
 ParOldGen       total 307200K, used 198639K [0x00000000c1600000, 0x00000000d4200000, 0x00000000eb200000)
  object space 307200K, 64% used [0x00000000c1600000,0x00000000cd7fbc78,0x00000000d4200000)
 Metaspace       used 10906K, capacity 11021K, committed 11136K, reserved 1058816K
  class space    used 996K, capacity 1050K, committed 1152K, reserved 1048576K
Event: 52.621 GC heap after
Heap after GC invocations=21 (full 0):
 PSYoungGen      total 168448K, used 16512K [0x00000000eb200000, 0x00000000fac80000, 0x0000000100000000)
  eden space 136192K, 0% used [0x00000000eb200000,0x00000000eb200000,0x00000000f3700000)
  from space 32256K, 51% used [0x00000000f3700000,0x00000000f4720010,0x00000000f5680000)
  to   space 32768K, 0% used [0x00000000f8c80000,0x00000000f8c80000,0x00000000fac80000)
 ParOldGen       total 307200K, used 231423K [0x00000000c1600000, 0x00000000d4200000, 0x00000000eb200000)
  object space 307200K, 75% used [0x00000000c1600000,0x00000000cf7ffc98,0x00000000d4200000)
 Metaspace       used 10906K, capacity 11021K, committed 11136K, reserved 1058816K
  class space    used 996K, capacity 1050K, committed 1152K, reserved 1048576K
}
Event: 63.309 GC heap before
{Heap before GC invocations=22 (full 0):
 PSYoungGen      total 168448K, used 152704K [0x00000000eb200000, 0x00000000fac80000, 0x0000000100000000)
  eden space 136192K, 100% used [0x00000000eb200000,0x00000000f3700000,0x00000000f3700000)
  from space 32256K, 51% used [0x00000000f3700000,0x00000000f4720010,0x00000000f5680000)
  to   space 32768K, 0% used [0x00000000f8c80000,0x00000000f8c80000,0x00000000fac80000)
 ParOldGen       total 307200K, used 231423K [0x00000000c1600000, 0x00000000d4200000, 0x00000000eb200000)
  object space 307200K, 75% used [0x00000000c1600000,0x00000000cf7ffc98,0x00000000d4200000)
 Metaspace       used 10907K, capacity 11021K, committed 11136K, reserved 1058816K
  class space    used 996K, capacity 1050K, committed 1152K, reserved 1048576K
Event: 63.317 GC heap after
Heap after GC invocations=22 (full 0):
 PSYoungGen      total 222720K, used 128K [0x00000000eb200000, 0x00000000fab80000, 0x0000000100000000)
  eden space 190976K, 0% used [0x00000000eb200000,0x00000000eb200000,0x00000000f6c80000)
  from space 31744K, 0% used [0x00000000f8c80000,0x00000000f8ca0000,0x00000000fab80000)
  to   space 32256K, 0% used [0x00000000f6c80000,0x00000000f6c80000,0x00000000f8c00000)
 ParOldGen       total 307200K, used 231431K [0x00000000c1600000, 0x00000000d4200000, 0x00000000eb200000)
  object space 307200K, 75% used [0x00000000c1600000,0x00000000cf801c98,0x00000000d4200000)
 Metaspace       used 10907K, capacity 11021K, committed 11136K, reserved 1058816K
  class space    used 996K, capacity 1050K, committed 1152K, reserved 1048576K
}
Event: 78.339 GC heap before
{Heap before GC invocations=23 (full 0):
 PSYoungGen      total 222720K, used 191104K [0x00000000eb200000, 0x00000000fab80000, 0x0000000100000000)
  eden space 190976K, 100% used [0x00000000eb200000,0x00000000f6c80000,0x00000000f6c80000)
  from space 31744K, 0% used [0x00000000f8c80000,0x00000000f8ca0000,0x00000000fab80000)
  to   space 32256K, 0% used [0x00000000f6c80000,0x00000000f6c80000,0x00000000f8c00000)
 ParOldGen       total 307200K, used 231431K [0x00000000c1600000, 0x00000000d4200000, 0x00000000eb200000)
  object space 307200K, 75% used [0x00000000c1600000,0x00000000cf801c98,0x00000000d4200000)
 Metaspace       used 10923K, capacity 11085K, committed 11392K, reserved 1058816K
  class space    used 998K, capacity 1050K, committed 1152K, reserved 1048576K
Event: 78.346 GC heap after
Heap after GC invocations=23 (full 0):
 PSYoungGen      total 223232K, used 12448K [0x00000000eb200000, 0x00000000fab80000, 0x0000000100000000)
  eden space 190976K, 0% used [0x00000000eb200000,0x00000000eb200000,0x00000000f6c80000)
  from space 32256K, 38% used [0x00000000f6c80000,0x00000000f78a8030,0x00000000f8c00000)
  to   space 31744K, 0% used [0x00000000f8c80000,0x00000000f8c80000,0x00000000fab80000)
 ParOldGen       total 307200K, used 231455K [0x00000000c1600000, 0x00000000d4200000, 0x00000000eb200000)
  object space 307200K, 75% used [0x00000000c1600000,0x00000000cf807c98,0x00000000d4200000)
 Metaspace       used 10923K, capacity 11085K, committed 11392K, reserved 1058816K
  class space    used 998K, capacity 1050K, committed 1152K, reserved 1048576K
}

