# JRE version: Java(TM) SE Runtime Environment (9.0+11) (build 9.0.1+11)
# Java VM: Java HotSpot(TM) 64-Bit Server VM (9.0.1+11, mixed mode, tiered, compressed oops, g1 gc, windows-amd64)
Heap:
 garbage-first heap   total 512000K, used 37191K [0x0000000083000000, 0x0000000083100fa0, 0x0000000100000000)
  region size 1024K, 10 young (10240K), 5 survivors (5120K)
 Metaspace       used 14310K, capacity 15717K, committed 16000K, reserved 1062912K
  class space    used 1282K, capacity 1558K, committed 1664K, reserved 1048576K
GC Heap History (8 events):
Event: 1.375 GC heap before
{Heap before GC invocations=0 (full 0):
 garbage-first heap   total 512000K, used 25600K [0x0000000083000000, 0x0000000083100fa0, 0x0000000100000000)
  region size 1024K, 25 young (25600K), 0 survivors (0K)
 Metaspace       used 12404K, capacity 13173K, committed 13312K, reserved 1060864K
  class space    used 1057K, capacity 1202K, committed 1280K, reserved 1048576K
}
Event: 1.388 GC heap after
{Heap after GC invocations=1 (full 0):
 garbage-first heap   total 512000K, used 5043K [0x0000000083000000, 0x0000000083100fa0, 0x0000000100000000)
  region size 1024K, 4 young (4096K), 4 survivors (4096K)
 Metaspace       used 12404K, capacity 13173K, committed 13312K, reserved 1060864K
  class space    used 1057K, capacity 1202K, committed 1280K, reserved 1048576K
}
Event: 1.864 GC heap before
{Heap before GC invocations=1 (full 0):
 garbage-first heap   total 512000K, used 26547K [0x0000000083000000, 0x0000000083100fa0, 0x0000000100000000)
  region size 1024K, 25 young (25600K), 4 survivors (4096K)
 Metaspace       used 13748K, capacity 14925K, committed 15104K, reserved 1062912K
  class space    used 1220K, capacity 1448K, committed 1536K, reserved 1048576K
}
Event: 1.879 GC heap after
{Heap after GC invocations=2 (full 0):
 garbage-first heap   total 512000K, used 9160K [0x0000000083000000, 0x0000000083100fa0, 0x0000000100000000)
  region size 1024K, 4 young (4096K), 4 survivors (4096K)
 Metaspace       used 13748K, capacity 14925K, committed 15104K, reserved 1062912K
  class space    used 1220K, capacity 1448K, committed 1536K, reserved 1048576K
}
Event: 1.959 GC heap before
{Heap before GC invocations=2 (full 0):
 garbage-first heap   total 512000K, used 37832K [0x0000000083000000, 0x0000000083100fa0, 0x0000000100000000)
  region size 1024K, 32 young (32768K), 4 survivors (4096K)
 Metaspace       used 13758K, capacity 14925K, committed 15104K, reserved 1062912K
  class space    used 1220K, capacity 1448K, committed 1536K, reserved 1048576K
}
Event: 1.980 GC heap after
{Heap after GC invocations=3 (full 0):
 garbage-first heap   total 512000K, used 17303K [0x0000000083000000, 0x0000000083100fa0, 0x0000000100000000)
  region size 1024K, 4 young (4096K), 4 survivors (4096K)
 Metaspace       used 13758K, capacity 14925K, committed 15104K, reserved 1062912K
  class space    used 1220K, capacity 1448K, committed 1536K, reserved 1048576K
}
Event: 2.154 GC heap before
{Heap before GC invocations=3 (full 0):
 garbage-first heap   total 512000K, used 53143K [0x0000000083000000, 0x0000000083100fa0, 0x0000000100000000)
  region size 1024K, 39 young (39936K), 4 survivors (4096K)
 Metaspace       used 13942K, capacity 15251K, committed 15360K, reserved 1062912K
  class space    used 1250K, capacity 1489K, committed 1536K, reserved 1048576K
}
Event: 2.191 GC heap after
{Heap after GC invocations=4 (full 0):
 garbage-first heap   total 512000K, used 33095K [0x0000000083000000, 0x0000000083100fa0, 0x0000000100000000)
  region size 1024K, 5 young (5120K), 5 survivors (5120K)
 Metaspace       used 13942K, capacity 15251K, committed 15360K, reserved 1062912K
  class space    used 1250K, capacity 1489K, committed 1536K, reserved 1048576K
}

