# JRE version: Java(TM) SE Runtime Environment (9.0+11) (build 9.0.1+11)
# Java VM: Java HotSpot(TM) 64-Bit Server VM (9.0.1+11, mixed mode, tiered, compressed oops, g1 gc, windows-amd64)
Heap:
 garbage-first heap   total 512000K, used 35460K [0x0000000083000000, 0x0000000083100fa0, 0x0000000100000000)
  region size 1024K, 20 young (20480K), 5 survivors (5120K)
 Metaspace       used 13815K, capacity 14973K, committed 15104K, reserved 1062912K
  class space    used 1224K, capacity 1448K, committed 1536K, reserved 1048576K
GC Heap History (6 events):
Event: 4.816 GC heap before
{Heap before GC invocations=0 (full 0):
 garbage-first heap   total 512000K, used 25600K [0x0000000083000000, 0x0000000083100fa0, 0x0000000100000000)
  region size 1024K, 25 young (25600K), 0 survivors (0K)
 Metaspace       used 12431K, capacity 13261K, committed 13312K, reserved 1060864K
  class space    used 1060K, capacity 1238K, committed 1280K, reserved 1048576K
}
Event: 4.826 GC heap after
{Heap after GC invocations=1 (full 0):
 garbage-first heap   total 512000K, used 5095K [0x0000000083000000, 0x0000000083100fa0, 0x0000000100000000)
  region size 1024K, 4 young (4096K), 4 survivors (4096K)
 Metaspace       used 12431K, capacity 13261K, committed 13312K, reserved 1060864K
  class space    used 1060K, capacity 1238K, committed 1280K, reserved 1048576K
}
Event: 6.406 GC heap before
{Heap before GC invocations=1 (full 0):
 garbage-first heap   total 512000K, used 26599K [0x0000000083000000, 0x0000000083100fa0, 0x0000000100000000)
  region size 1024K, 25 young (25600K), 4 survivors (4096K)
 Metaspace       used 13801K, capacity 14973K, committed 15104K, reserved 1062912K
  class space    used 1224K, capacity 1448K, committed 1536K, reserved 1048576K
}
Event: 6.420 GC heap after
{Heap after GC invocations=2 (full 0):
 garbage-first heap   total 512000K, used 9212K [0x0000000083000000, 0x0000000083100fa0, 0x0000000100000000)
  region size 1024K, 4 young (4096K), 4 survivors (4096K)
 Metaspace       used 13801K, capacity 14973K, committed 15104K, reserved 1062912K
  class space    used 1224K, capacity 1448K, committed 1536K, reserved 1048576K
}
Event: 6.523 GC heap before
{Heap before GC invocations=2 (full 0):
 garbage-first heap   total 512000K, used 43004K [0x0000000083000000, 0x0000000083100fa0, 0x0000000100000000)
  region size 1024K, 37 young (37888K), 4 survivors (4096K)
 Metaspace       used 13811K, capacity 14973K, committed 15104K, reserved 1062912K
  class space    used 1224K, capacity 1448K, committed 1536K, reserved 1048576K
}
Event: 6.547 GC heap after
{Heap after GC invocations=3 (full 0):
 garbage-first heap   total 512000K, used 21124K [0x0000000083000000, 0x0000000083100fa0, 0x0000000100000000)
  region size 1024K, 5 young (5120K), 5 survivors (5120K)
 Metaspace       used 13811K, capacity 14973K, committed 15104K, reserved 1062912K
  class space    used 1224K, capacity 1448K, committed 1536K, reserved 1048576K
}

