# JRE version: Java(TM) SE Runtime Environment (9.0+11) (build 9.0.1+11)
# Java VM: Java HotSpot(TM) 64-Bit Server VM (9.0.1+11, mixed mode, tiered, compressed oops, g1 gc, windows-amd64)
Heap:
 garbage-first heap   total 695296K, used 335518K [0x0000000083000000, 0x0000000083101538, 0x0000000100000000)
  region size 1024K, 1 young (1024K), 1 survivors (1024K)
 Metaspace       used 13883K, capacity 15059K, committed 15360K, reserved 1062912K
  class space    used 1217K, capacity 1449K, committed 1536K, reserved 1048576K
GC Heap History (10 events):
Event: 2.100 GC heap before
{Heap before GC invocations=1 (full 0):
 garbage-first heap   total 512000K, used 26676K [0x0000000083000000, 0x0000000083100fa0, 0x0000000100000000)
  region size 1024K, 25 young (25600K), 4 survivors (4096K)
 Metaspace       used 13765K, capacity 14913K, committed 15104K, reserved 1062912K
  class space    used 1215K, capacity 1448K, committed 1536K, reserved 1048576K
}
Event: 2.114 GC heap after
{Heap after GC invocations=2 (full 0):
 garbage-first heap   total 512000K, used 9362K [0x0000000083000000, 0x0000000083100fa0, 0x0000000100000000)
  region size 1024K, 4 young (4096K), 4 survivors (4096K)
 Metaspace       used 13765K, capacity 14913K, committed 15104K, reserved 1062912K
  class space    used 1215K, capacity 1448K, committed 1536K, reserved 1048576K
}
Event: 2.193 GC heap before
{Heap before GC invocations=2 (full 0):
 garbage-first heap   total 512000K, used 38034K [0x0000000083000000, 0x0000000083100fa0, 0x0000000100000000)
  region size 1024K, 32 young (32768K), 4 survivors (4096K)
 Metaspace       used 13776K, capacity 14977K, committed 15104K, reserved 1062912K
  class space    used 1215K, capacity 1448K, committed 1536K, reserved 1048576K
}
Event: 2.211 GC heap after
{Heap after GC invocations=3 (full 0):
 garbage-first heap   total 512000K, used 17663K [0x0000000083000000, 0x0000000083100fa0, 0x0000000100000000)
  region size 1024K, 4 young (4096K), 4 survivors (4096K)
 Metaspace       used 13776K, capacity 14977K, committed 15104K, reserved 1062912K
  class space    used 1215K, capacity 1448K, committed 1536K, reserved 1048576K
}
Event: 2.309 GC heap before
{Heap before GC invocations=3 (full 0):
 garbage-first heap   total 512000K, used 53503K [0x0000000083000000, 0x0000000083100fa0, 0x0000000100000000)
  region size 1024K, 39 young (39936K), 4 survivors (4096K)
 Metaspace       used 13837K, capacity 15047K, committed 15360K, reserved 1062912K
  class space    used 1217K, capacity 1449K, committed 1536K, reserved 1048576K
}
Event: 2.339 GC heap after
{Heap after GC invocations=4 (full 0):
 garbage-first heap   total 512000K, used 33792K [0x0000000083000000, 0x0000000083100fa0, 0x0000000100000000)
  region size 1024K, 5 young (5120K), 5 survivors (5120K)
 Metaspace       used 13837K, capacity 15047K, committed 15360K, reserved 1062912K
  class space    used 1217K, capacity 1449K, committed 1536K, reserved 1048576K
}
Event: 3.186 GC heap before
{Heap before GC invocations=4 (full 0):
 garbage-first heap   total 512000K, used 216064K [0x0000000083000000, 0x0000000083100fa0, 0x0000000100000000)
  region size 1024K, 6 young (6144K), 5 survivors (5120K)
 Metaspace       used 13883K, capacity 15059K, committed 15360K, reserved 1062912K
  class space    used 1217K, capacity 1449K, committed 1536K, reserved 1048576K
}
Event: 3.576 GC heap after
{Heap after GC invocations=5 (full 0):
 garbage-first heap   total 512000K, used 217210K [0x0000000083000000, 0x0000000083100fa0, 0x0000000100000000)
  region size 1024K, 1 young (1024K), 1 survivors (1024K)
 Metaspace       used 13883K, capacity 15059K, committed 15360K, reserved 1062912K
  class space    used 1217K, capacity 1449K, committed 1536K, reserved 1048576K
}
Event: 4.677 GC heap before
{Heap before GC invocations=6 (full 0):
 garbage-first heap   total 512000K, used 335994K [0x0000000083000000, 0x0000000083100fa0, 0x0000000100000000)
  region size 1024K, 2 young (2048K), 1 survivors (1024K)
 Metaspace       used 13883K, capacity 15059K, committed 15360K, reserved 1062912K
  class space    used 1217K, capacity 1449K, committed 1536K, reserved 1048576K
}
Event: 5.017 GC heap after
{Heap after GC invocations=7 (full 0):
 garbage-first heap   total 512000K, used 335518K [0x0000000083000000, 0x0000000083100fa0, 0x0000000100000000)
  region size 1024K, 1 young (1024K), 1 survivors (1024K)
 Metaspace       used 13883K, capacity 15059K, committed 15360K, reserved 1062912K
  class space    used 1217K, capacity 1449K, committed 1536K, reserved 1048576K
}

